#-----------------------------------------------------------
# Vivado v2019.1 (64-bit)
# SW Build 2552052 on Fri May 24 14:47:09 MDT 2019
# IP Build 2548770 on Fri May 24 18:01:18 MDT 2019
# Start of session at: Thu Mar 30 18:07:26 2023
# Process ID: 30188
# Current directory: /users/1/190055529/DSH - FINAL YEAR/NEW VERSION USING A
# Command line: vivado -log log/julia_prog.log -nojournal -tempDir work -mode tcl
# Log file: /users/1/190055529/DSH - FINAL YEAR/NEW VERSION USING A/log/julia_prog.log
# Journal file: 
#-----------------------------------------------------------
set_property BITSTREAM.CONFIG.CONFIGRATE 33 [current_design]
ERROR: [Common 17-53] User Exception: No open project. Please create or open a project before executing this command.
set_property BITSTREAM.STARTUP.STARTUPCLK CCLK [current_design]
ERROR: [Common 17-53] User Exception: No open project. Please create or open a project before executing this command.
open_hw
connect_hw_server
INFO: [Labtools 27-2285] Connecting to hw_server url TCP:localhost:3121
INFO: [Labtools 27-2222] Launching hw_server...
INFO: [Labtools 27-2221] Launch Output:

****** Xilinx hw_server v2019.1
  **** Build date : May 24 2019 at 15:06:40
    ** Copyright 1986-2019 Xilinx, Inc. All Rights Reserved.


connect_hw_server: Time (s): cpu = 00:00:00.16 ; elapsed = 00:00:10 . Memory (MB): peak = 1427.422 ; gain = 8.145 ; free physical = 1548 ; free virtual = 3805
open_hw_target
INFO: [Labtoolstcl 44-466] Opening hw_target localhost:3121/xilinx_tcf/Digilent/210183A4D864A
open_hw_target: Time (s): cpu = 00:00:00.02 ; elapsed = 00:00:05 . Memory (MB): peak = 1435.426 ; gain = 8.004 ; free physical = 1546 ; free virtual = 3803
current_hw_device [lindex [get_hw_devices] 0]
refresh_hw_device -update_hw_probes false [lindex [get_hw_devices] 0]
INFO: [Labtools 27-1435] Device xc7a35t (JTAG device index = 0) is not programmed (DONE status = 0).
refresh_hw_device: Time (s): cpu = 00:00:02 ; elapsed = 00:00:07 . Memory (MB): peak = 2333.426 ; gain = 898.000 ; free physical = 541 ; free virtual = 2799
set_property PROGRAM.FILE {julia.bit} [lindex [get_hw_devices] 0]
program_hw_devices [lindex [get_hw_devices] 0]
INFO: [Labtools 27-3164] End of startup status: HIGH
program_hw_devices: Time (s): cpu = 00:00:07 ; elapsed = 00:00:15 . Memory (MB): peak = 2334.426 ; gain = 1.000 ; free physical = 539 ; free virtual = 2797
close_hw_target
INFO: [Labtoolstcl 44-464] Closing hw_target localhost:3121/xilinx_tcf/Digilent/210183A4D864A
disconnect_hw_server
close_hw
quit
INFO: [Common 17-206] Exiting Vivado at Thu Mar 30 18:08:11 2023...
